Arguments: 
  C:\Program Files\nodejs\node.exe C:\Users\Keyo\AppData\Roaming\npm\node_modules\yarn\bin\yarn.js add es-lint

PATH: 
  C:\Windows\system32;C:\Windows;C:\Windows\System32\Wbem;C:\Windows\System32\WindowsPowerShell\v1.0\;C:\Windows\System32\OpenSSH\;C:\Program Files\dotnet\;C:\Program Files\Microsoft SQL Server\130\Tools\Binn\;C:\Program Files\Microsoft SQL Server\Client SDK\ODBC\170\Tools\Binn\;C:\Program Files (x86)\Microsoft SQL Server\150\Tools\Binn\;C:\Program Files\Microsoft SQL Server\150\Tools\Binn\;C:\Program Files\Microsoft SQL Server\150\DTS\Binn\;C:\Program Files (x86)\Microsoft SQL Server\150\DTS\Binn\;C:\Program Files\Azure Data Studio\bin;C:\Program Files\Git\cmd;C:\Program Files\nodejs\;C:\Program Files\Microsoft\Web Platform Installer\;C:\Program Files\MySQL\MySQL Shell 8.0\bin\;C:\Users\Keyo\AppData\Local\Programs\Python\Python39\Scripts\;C:\Users\Keyo\AppData\Local\Programs\Python\Python39\;C:\Users\Keyo\AppData\Local\Microsoft\WindowsApps;C:\Users\Keyo\.dotnet\tools;C:\Users\Keyo\AppData\Roaming\npm;C:\Users\Keyo\AppData\Local\Programs\Microsoft VS Code\bin;C:\Users\Keyo\node_modules\yarn\bin

Yarn version: 
  1.22.17

Node version: 
  16.13.0

Platform: 
  win32 x64

Trace: 
  Error: https://registry.yarnpkg.com/es-lint: Not found
      at Request.params.callback [as _callback] (C:\Users\Keyo\AppData\Roaming\npm\node_modules\yarn\lib\cli.js:67029:18)
      at Request.self.callback (C:\Users\Keyo\AppData\Roaming\npm\node_modules\yarn\lib\cli.js:140883:22)
      at Request.emit (node:events:390:28)
      at Request.<anonymous> (C:\Users\Keyo\AppData\Roaming\npm\node_modules\yarn\lib\cli.js:141855:10)
      at Request.emit (node:events:390:28)
      at IncomingMessage.<anonymous> (C:\Users\Keyo\AppData\Roaming\npm\node_modules\yarn\lib\cli.js:141777:12)
      at Object.onceWrapper (node:events:509:28)
      at IncomingMessage.emit (node:events:402:35)
      at endReadableNT (node:internal/streams/readable:1343:12)
      at processTicksAndRejections (node:internal/process/task_queues:83:21)

npm manifest: 
  {
    "name": "front-end-orgao-publico",
    "version": "1.0.0",
    "private": true,
    "description": "FrontEndOrgaoPublico",
    "author": "SquaredOnion",
    "keywords": [
      "gatsby"
    ],
    "scripts": {
      "develop": "gatsby develop",
      "start": "gatsby develop",
      "build": "gatsby build",
      "serve": "gatsby serve",
      "clean": "gatsby clean"
    },
    "dependencies": {
      "gatsby": "^4.1.0",
      "gatsby-plugin-sass": "^5.1.0",
      "react": "^17.0.1",
      "react-dom": "^17.0.1",
      "react-hook-form": "^7.19.1",
      "sass": "^1.43.4"
    }
  }

yarn manifest: 
  No manifest

Lockfile: 
  No lockfile
